2018-12-31 16:14:44.790  INFO 177432 --- [main] com.imooc.SpringbootApplication          : Starting SpringbootApplication on bjh-PC with PID 177432 (started by bjh in E:\Program Files\eclipse\eclipse-workspace\springboot)
2018-12-31 16:14:44.792  INFO 177432 --- [main] com.imooc.SpringbootApplication          : No active profile set, falling back to default profiles: default
2018-12-31 16:14:44.831  INFO 177432 --- [main] ationConfigEmbeddedWebApplicationContext : Refreshing org.springframework.boot.context.embedded.AnnotationConfigEmbeddedWebApplicationContext@78a03f: startup date [Mon Dec 31 16:14:44 CST 2018]; root of context hierarchy
2018-12-31 16:14:45.784  INFO 177432 --- [main] s.b.c.e.t.TomcatEmbeddedServletContainer : Tomcat initialized with port(s): 8888 (http)
2018-12-31 16:14:45.806  INFO 177432 --- [main] o.apache.catalina.core.StandardService   : Starting service [Tomcat]
2018-12-31 16:14:45.807  INFO 177432 --- [main] org.apache.catalina.core.StandardEngine  : Starting Servlet Engine: Apache Tomcat/8.5.37
2018-12-31 16:14:45.901  INFO 177432 --- [localhost-startStop-1] o.a.c.c.C.[Tomcat].[localhost].[/demo]   : Initializing Spring embedded WebApplicationContext
2018-12-31 16:14:45.901  INFO 177432 --- [localhost-startStop-1] o.s.web.context.ContextLoader            : Root WebApplicationContext: initialization completed in 1072 ms
2018-12-31 16:14:45.989  INFO 177432 --- [localhost-startStop-1] o.s.b.w.servlet.ServletRegistrationBean  : Mapping servlet: 'dispatcherServlet' to [/]
2018-12-31 16:14:45.992  INFO 177432 --- [localhost-startStop-1] o.s.b.w.servlet.FilterRegistrationBean   : Mapping filter: 'characterEncodingFilter' to: [/*]
2018-12-31 16:14:45.992  INFO 177432 --- [localhost-startStop-1] o.s.b.w.servlet.FilterRegistrationBean   : Mapping filter: 'hiddenHttpMethodFilter' to: [/*]
2018-12-31 16:14:45.992  INFO 177432 --- [localhost-startStop-1] o.s.b.w.servlet.FilterRegistrationBean   : Mapping filter: 'httpPutFormContentFilter' to: [/*]
2018-12-31 16:14:45.992  INFO 177432 --- [localhost-startStop-1] o.s.b.w.servlet.FilterRegistrationBean   : Mapping filter: 'requestContextFilter' to: [/*]
2018-12-31 16:14:46.199  INFO 177432 --- [main] s.w.s.m.m.a.RequestMappingHandlerAdapter : Looking for @ControllerAdvice: org.springframework.boot.context.embedded.AnnotationConfigEmbeddedWebApplicationContext@78a03f: startup date [Mon Dec 31 16:14:44 CST 2018]; root of context hierarchy
2018-12-31 16:14:46.246  INFO 177432 --- [main] s.w.s.m.m.a.RequestMappingHandlerMapping : Mapped "{[/hello]}" onto public java.lang.Object com.imooc.controller.HelloContoller.Hello()
2018-12-31 16:14:46.248  INFO 177432 --- [main] s.w.s.m.m.a.RequestMappingHandlerMapping : Mapped "{[/error]}" onto public org.springframework.http.ResponseEntity<java.util.Map<java.lang.String, java.lang.Object>> org.springframework.boot.autoconfigure.web.BasicErrorController.error(javax.servlet.http.HttpServletRequest)
2018-12-31 16:14:46.248  INFO 177432 --- [main] s.w.s.m.m.a.RequestMappingHandlerMapping : Mapped "{[/error],produces=[text/html]}" onto public org.springframework.web.servlet.ModelAndView org.springframework.boot.autoconfigure.web.BasicErrorController.errorHtml(javax.servlet.http.HttpServletRequest,javax.servlet.http.HttpServletResponse)
2018-12-31 16:14:46.269  INFO 177432 --- [main] o.s.w.s.handler.SimpleUrlHandlerMapping  : Mapped URL path [/webjars/**] onto handler of type [class org.springframework.web.servlet.resource.ResourceHttpRequestHandler]
2018-12-31 16:14:46.269  INFO 177432 --- [main] o.s.w.s.handler.SimpleUrlHandlerMapping  : Mapped URL path [/**] onto handler of type [class org.springframework.web.servlet.resource.ResourceHttpRequestHandler]
2018-12-31 16:14:46.292  INFO 177432 --- [main] o.s.w.s.handler.SimpleUrlHandlerMapping  : Mapped URL path [/**/favicon.ico] onto handler of type [class org.springframework.web.servlet.resource.ResourceHttpRequestHandler]
2018-12-31 16:14:46.386  INFO 177432 --- [main] o.s.j.e.a.AnnotationMBeanExporter        : Registering beans for JMX exposure on startup
2018-12-31 16:14:46.414  INFO 177432 --- [main] s.b.c.e.t.TomcatEmbeddedServletContainer : Tomcat started on port(s): 8888 (http)
2018-12-31 16:14:46.417  INFO 177432 --- [main] com.imooc.SpringbootApplication          : Started SpringbootApplication in 1.938 seconds (JVM running for 2.19)
2018-12-31 16:15:03.752  INFO 177432 --- [http-nio-8888-exec-1] o.a.c.c.C.[Tomcat].[localhost].[/demo]   : Initializing Spring FrameworkServlet 'dispatcherServlet'
2018-12-31 16:15:03.752  INFO 177432 --- [http-nio-8888-exec-1] o.s.web.servlet.DispatcherServlet        : FrameworkServlet 'dispatcherServlet': initialization started
2018-12-31 16:15:03.763  INFO 177432 --- [http-nio-8888-exec-1] o.s.web.servlet.DispatcherServlet        : FrameworkServlet 'dispatcherServlet': initialization completed in 11 ms
